[2024-01-10 12:31:07 -0600] [45434] [INFO] Starting gunicorn 21.2.0
[2024-01-10 12:31:07 -0600] [45434] [INFO] Listening at: http://0.0.0.0:8000 (45434)
[2024-01-10 12:31:07 -0600] [45434] [INFO] Using worker: sync
[2024-01-10 12:31:07 -0600] [45436] [INFO] Booting worker with pid: 45436
[2024-01-10 12:31:07 -0600] [45437] [INFO] Booting worker with pid: 45437
[2024-01-10 12:31:07 -0600] [45438] [INFO] Booting worker with pid: 45438
[2024-01-10 14:23:55 -0600] [45434] [INFO] Handling signal: int
[2024-01-10 14:23:55 -0600] [45437] [INFO] Worker exiting (pid: 45437)
[2024-01-10 14:23:55 -0600] [45438] [INFO] Worker exiting (pid: 45438)
[2024-01-10 14:23:55 -0600] [45436] [INFO] Worker exiting (pid: 45436)
########### Fetching Elements from Uber Webpage
########### Fetching Elements from Uber Webpage
########### Fetching Elements from Uber Webpage
########### Fetching Elements from Uber Webpage
########### Fetching Elements from Uber Webpage
########### Fetching Elements from Uber Webpage
########### Fetching Elements from Uber Webpage
########### Fetching Elements from Uber Webpage
########### Fetching Elements from Uber Webpage
########### Fetching Elements from Uber Webpage
########### Fetching Elements from Uber Webpage
########### Fetching Elements from Uber Webpage
########### Fetching Elements from Uber Webpage
########### Fetching Elements from Uber Webpage
########### Fetching Elements from Uber Webpage
########### Fetching Elements from Uber Webpage
########### Fetching Elements from Uber Webpage
########### Fetching Elements from Uber Webpage
########### Fetching Elements from Uber Webpage
########### Fetching Elements from Uber Webpage
########### Fetching Elements from Uber Webpage
########### Fetching Elements from Uber Webpage
########### Fetching Elements from Uber Webpage
########### Fetching Elements from Uber Webpage
########### Fetching Elements from Uber Webpage
########### Fetching Elements from Uber Webpage
########### Fetching Elements from Uber Webpage
########### Fetching Elements from Uber Webpage
########### Fetching Elements from Uber Webpage
########### Fetching Elements from Uber Webpage
########### Fetching Elements from Uber Webpage
########### Fetching Elements from Uber Webpage
########### Fetching Elements from Uber Webpage
########### Fetching Elements from Uber Webpage
########### Fetching Elements from Uber Webpage
########### Fetching Elements from Uber Webpage
########### Fetching Elements from Uber Webpage
########### Fetching Elements from Uber Webpage
########### Fetching Elements from Uber Webpage
########### Fetching Elements from Uber Webpage
########### Fetching Elements from Uber Webpage
########### Fetching Elements from Uber Webpage
########### Fetching Elements from Uber Webpage
########### Fetching Elements from Uber Webpage
########### Fetching Elements from Uber Webpage
########### Fetching Elements from Uber Webpage
########### Fetching Elements from Uber Webpage
########### Fetching Elements from Uber Webpage
########### Fetching Elements from Uber Webpage
########### Fetching Elements from Uber Webpage
########### Fetching Elements from Uber Webpage
########### Fetching Elements from Uber Webpage
########### Fetching Elements from Uber Webpage
########### Fetching Elements from Uber Webpage
########### Fetching Elements from Uber Webpage
########### Fetching Elements from Uber Webpage
########### Fetching Elements from Uber Webpage
########### Fetching Elements from Uber Webpage
########### Fetching Elements from Uber Webpage
########### Fetching Elements from Uber Webpage
########### Fetching Elements from Uber Webpage
########### Fetching Elements from Uber Webpage
[2024-01-10 14:23:56 -0600] [45434] [INFO] Shutting down: Master
